2023/11/09 13:55:09 Failed to fetch data from mysql: Error 1140 (42000): In aggregated query without GROUP BY, expression #1 of SELECT list contains nonaggregated column 'event_management.e.id'; this is incompatible with sql_mode=only_full_group_by
2023/11/09 13:55:09 Error 1140 (42000): In aggregated query without GROUP BY, expression #1 of SELECT list contains nonaggregated column 'event_management.e.id'; this is incompatible with sql_mode=only_full_group_by
2023/11/09 13:56:11 Failed to fetch data from mysql: Error 1140 (42000): In aggregated query without GROUP BY, expression #1 of SELECT list contains nonaggregated column 'event_management.e.id'; this is incompatible with sql_mode=only_full_group_by
2023/11/09 13:56:11 Error 1140 (42000): In aggregated query without GROUP BY, expression #1 of SELECT list contains nonaggregated column 'event_management.e.id'; this is incompatible with sql_mode=only_full_group_by
2023/11/09 15:49:38 unexpected end of JSON input
2023/11/09 18:10:15 Failed to fetch data from mysql: sql: expected 5 destination arguments in Scan, not 1
2023/11/09 18:10:15 sql: expected 5 destination arguments in Scan, not 1
2023/11/09 18:10:18 Failed to fetch data from mysql: sql: expected 5 destination arguments in Scan, not 1
2023/11/09 18:10:18 sql: expected 5 destination arguments in Scan, not 1
2023/11/09 18:10:41 Failed to fetch data from mysql: sql: expected 5 destination arguments in Scan, not 1
2023/11/09 18:10:41 sql: expected 5 destination arguments in Scan, not 1
2023/11/09 18:10:48 Failed to fetch data from mysql: sql: expected 5 destination arguments in Scan, not 1
2023/11/09 18:10:48 sql: expected 5 destination arguments in Scan, not 1
2023/11/09 18:14:50 Failed to fetch data from mysql: sql: expected 5 destination arguments in Scan, not 1
2023/11/09 18:14:50 sql: expected 5 destination arguments in Scan, not 1
2023/11/09 18:17:33 Failed to fetch data from mysql: sql: expected 5 destination arguments in Scan, not 1
2023/11/09 18:17:33 sql: expected 5 destination arguments in Scan, not 1
2023/11/09 19:13:41 Failed to fetch data from mysql: Error 1064 (42000): You have an error in your SQL syntax; check the manual that corresponds to your MySQL server version for the right syntax to use near '?;
AND start_at > now()' at line 6
2023/11/09 19:13:41 Error 1064 (42000): You have an error in your SQL syntax; check the manual that corresponds to your MySQL server version for the right syntax to use near '?;
AND start_at > now()' at line 6
2023/11/09 19:13:42 Failed to fetch data from mysql: Error 1064 (42000): You have an error in your SQL syntax; check the manual that corresponds to your MySQL server version for the right syntax to use near '?;
AND start_at > now()' at line 6
2023/11/09 19:13:42 Error 1064 (42000): You have an error in your SQL syntax; check the manual that corresponds to your MySQL server version for the right syntax to use near '?;
AND start_at > now()' at line 6
2023/11/09 19:13:43 Failed to fetch data from mysql: Error 1064 (42000): You have an error in your SQL syntax; check the manual that corresponds to your MySQL server version for the right syntax to use near '?;
AND start_at > now()' at line 6
2023/11/09 19:13:43 Error 1064 (42000): You have an error in your SQL syntax; check the manual that corresponds to your MySQL server version for the right syntax to use near '?;
AND start_at > now()' at line 6
2023/11/09 19:14:08 Failed to fetch data from mysql: Error 1064 (42000): You have an error in your SQL syntax; check the manual that corresponds to your MySQL server version for the right syntax to use near '?;
AND start_at > now()' at line 6
2023/11/09 19:14:08 Error 1064 (42000): You have an error in your SQL syntax; check the manual that corresponds to your MySQL server version for the right syntax to use near '?;
AND start_at > now()' at line 6
